11:42:05,711 (AWT-EventQueue-0) INFO  [uniandes.isis2304.parranderos.negocio.Parranderos] - Limpiando la BD de Parranderos
11:42:05,809 (AWT-EventQueue-0) INFO  [uniandes.isis2304.parranderos.persistencia.PersistenciaParranderos] - Borrada la base de datos
11:42:05,810 (AWT-EventQueue-0) INFO  [uniandes.isis2304.parranderos.negocio.Parranderos] - Limpiando la BD de Parranderos: Listo!
17:49:19,884 (main) INFO  [uniandes.isis2304.parranderos.interfazApp.InterfazParranderosApp] - Se encontró un archivo de configuración válido: Interfaz
17:49:19,884 (main) INFO  [uniandes.isis2304.parranderos.interfazApp.InterfazParranderosApp] - Se aplica configuración indicada en el archivo de configuración
17:49:19,896 (main) INFO  [uniandes.isis2304.parranderos.interfazApp.InterfazParranderosApp] - Se encontró un archivo de configuración válido: Tablas BD
15:47:50,323 (main) INFO  [uniandes.isis2304.parranderos.interfazApp.InterfazParranderosApp] - Se encontró un archivo de configuración válido: Interfaz
15:47:50,324 (main) INFO  [uniandes.isis2304.parranderos.interfazApp.InterfazParranderosApp] - Se aplica configuración indicada en el archivo de configuración
15:47:50,355 (main) INFO  [uniandes.isis2304.parranderos.interfazApp.InterfazParranderosApp] - Se encontró un archivo de configuración válido: Tablas BD
15:49:33,401 (main) INFO  [uniandes.isis2304.parranderos.interfazApp.InterfazParranderosApp] - Se encontró un archivo de configuración válido: Interfaz
15:49:33,401 (main) INFO  [uniandes.isis2304.parranderos.interfazApp.InterfazParranderosApp] - Se aplica configuración indicada en el archivo de configuración
15:49:33,411 (main) INFO  [uniandes.isis2304.parranderos.interfazApp.InterfazParranderosApp] - Se encontró un archivo de configuración válido: Tablas BD
15:53:10,768 (main) INFO  [uniandes.isis2304.parranderos.interfazApp.InterfazParranderosApp] - Se encontró un archivo de configuración válido: Interfaz
15:53:10,768 (main) INFO  [uniandes.isis2304.parranderos.interfazApp.InterfazParranderosApp] - Se aplica configuración indicada en el archivo de configuración
15:53:10,779 (main) INFO  [uniandes.isis2304.parranderos.interfazApp.InterfazParranderosApp] - Se encontró un archivo de configuración válido: Tablas BD
15:54:36,609 (main) INFO  [uniandes.isis2304.parranderos.interfazApp.InterfazParranderosApp] - Se encontró un archivo de configuración válido: Interfaz
15:54:36,610 (main) INFO  [uniandes.isis2304.parranderos.interfazApp.InterfazParranderosApp] - Se aplica configuración indicada en el archivo de configuración
15:54:36,623 (main) INFO  [uniandes.isis2304.parranderos.interfazApp.InterfazParranderosApp] - Se encontró un archivo de configuración válido: Tablas BD
15:57:11,956 (main) INFO  [uniandes.isis2304.parranderos.interfazApp.InterfazParranderosApp] - Se encontró un archivo de configuración válido: Interfaz
15:57:11,956 (main) INFO  [uniandes.isis2304.parranderos.interfazApp.InterfazParranderosApp] - Se aplica configuración indicada en el archivo de configuración
15:57:11,965 (main) INFO  [uniandes.isis2304.parranderos.interfazApp.InterfazParranderosApp] - Se encontró un archivo de configuración válido: Tablas BD
15:58:11,879 (main) INFO  [uniandes.isis2304.parranderos.interfazApp.InterfazParranderosApp] - Se encontró un archivo de configuración válido: Interfaz
15:58:11,879 (main) INFO  [uniandes.isis2304.parranderos.interfazApp.InterfazParranderosApp] - Se aplica configuración indicada en el archivo de configuración
15:58:11,888 (main) INFO  [uniandes.isis2304.parranderos.interfazApp.InterfazParranderosApp] - Se encontró un archivo de configuración válido: Tablas BD
16:09:06,279 (main) INFO  [uniandes.isis2304.parranderos.interfazApp.InterfazParranderosApp] - Se encontró un archivo de configuración válido: Interfaz
16:09:06,279 (main) INFO  [uniandes.isis2304.parranderos.interfazApp.InterfazParranderosApp] - Se aplica configuración indicada en el archivo de configuración
16:09:06,293 (main) INFO  [uniandes.isis2304.parranderos.interfazApp.InterfazParranderosApp] - Se encontró un archivo de configuración válido: Tablas BD
16:18:07,402 (main) INFO  [uniandes.isis2304.parranderos.interfazApp.InterfazParranderosApp] - Se encontró un archivo de configuración válido: Interfaz
16:18:07,403 (main) INFO  [uniandes.isis2304.parranderos.interfazApp.InterfazParranderosApp] - Se aplica configuración indicada en el archivo de configuración
16:18:07,411 (main) INFO  [uniandes.isis2304.parranderos.interfazApp.InterfazParranderosApp] - Se encontró un archivo de configuración válido: Tablas BD
16:19:10,113 (AWT-EventQueue-0) INFO  [uniandes.isis2304.parranderos.negocio.Parranderos] - Adicionando Alojamiento: casa
16:19:10,210 (AWT-EventQueue-0) ERROR [uniandes.isis2304.parranderos.persistencia.PersistenciaParranderos] - Exception : Error con la ejecucion de Query de SQL "SELECT alohaandes_sequence.nextval FROM DUAL".
ORA-02289: no existe la secuencia

16:19:10,211 (AWT-EventQueue-0) INFO  [uniandes.isis2304.parranderos.negocio.Parranderos] - Adicionando Alojamiento: null
16:19:37,315 (AWT-EventQueue-0) INFO  [uniandes.isis2304.parranderos.negocio.Parranderos] - Adicionando Servicio: luz
16:19:37,435 (AWT-EventQueue-0) ERROR [uniandes.isis2304.parranderos.persistencia.PersistenciaParranderos] - Exception : Error con la ejecucion de Query de SQL "SELECT alohaandes_sequence.nextval FROM DUAL".
ORA-02289: no existe la secuencia

16:19:37,435 (AWT-EventQueue-0) INFO  [uniandes.isis2304.parranderos.negocio.Parranderos] - Adicionando Servicio: null
16:24:42,437 (AWT-EventQueue-0) INFO  [uniandes.isis2304.parranderos.negocio.Parranderos] - Adicionando Servicio: gas
16:24:42,524 (AWT-EventQueue-0) ERROR [uniandes.isis2304.parranderos.persistencia.PersistenciaParranderos] - Exception : Error con la ejecucion de Query de SQL "SELECT alohaandes_sequence.nextval FROM DUAL".
ORA-02289: no existe la secuencia

16:24:42,525 (AWT-EventQueue-0) INFO  [uniandes.isis2304.parranderos.negocio.Parranderos] - Adicionando Servicio: null
16:33:17,143 (main) INFO  [uniandes.isis2304.parranderos.interfazApp.InterfazParranderosApp] - Se encontró un archivo de configuración válido: Interfaz
16:33:17,144 (main) INFO  [uniandes.isis2304.parranderos.interfazApp.InterfazParranderosApp] - Se aplica configuración indicada en el archivo de configuración
16:33:17,169 (main) INFO  [uniandes.isis2304.parranderos.interfazApp.InterfazParranderosApp] - Se encontró un archivo de configuración válido: Tablas BD
16:33:33,880 (AWT-EventQueue-0) INFO  [uniandes.isis2304.parranderos.negocio.Parranderos] - Adicionando Servicio: agua
16:33:34,623 (AWT-EventQueue-0) INFO  [uniandes.isis2304.parranderos.negocio.Parranderos] - Adicionando Servicio: Servicio  [idServicio=1, nombre=agua, costo=1000]
